-------------------------------------------------------------------------------
Test set: com.nnk.springboot.service.CustomUserDetailsServiceTest
-------------------------------------------------------------------------------
Tests run: 2, Failures: 1, Errors: 0, Skipped: 0, Time elapsed: 0.003 s <<< FAILURE! - in com.nnk.springboot.service.CustomUserDetailsServiceTest
loadUserByUsernameTest_whenUserDoesNotExist  Time elapsed: 0.001 s  <<< FAILURE!
org.opentest4j.AssertionFailedError: Unexpected exception type thrown ==> expected: <org.springframework.security.core.userdetails.UsernameNotFoundException> but was: <java.util.NoSuchElementException>
	at com.nnk.springboot.service.CustomUserDetailsServiceTest.loadUserByUsernameTest_whenUserDoesNotExist(CustomUserDetailsServiceTest.java:44)
Caused by: java.util.NoSuchElementException: No value present
	at com.nnk.springboot.service.CustomUserDetailsServiceTest.lambda$loadUserByUsernameTest_whenUserDoesNotExist$0(CustomUserDetailsServiceTest.java:44)
	at com.nnk.springboot.service.CustomUserDetailsServiceTest.loadUserByUsernameTest_whenUserDoesNotExist(CustomUserDetailsServiceTest.java:44)

