<?xml version="1.0" encoding="UTF-8"?>
<testsuite xmlns:xsi="http://www.w3.org/2001/XMLSchema-instance" xsi:noNamespaceSchemaLocation="https://maven.apache.org/surefire/maven-surefire-plugin/xsd/surefire-test-report.xsd" name="com.nnk.springboot.service.RuleNameTest" time="0.005" tests="5" errors="5" skipped="0" failures="0">
  <properties>
[...]
</properties>
  <testcase name="updateTest" classname="com.nnk.springboot.service.RuleNameTest" time="0">
    <error message="&#10;Unfinished mocking session detected.&#10;Previous MockitoSession was not concluded with &apos;finishMocking()&apos;.&#10;For examples of correct usage see javadoc for MockitoSession class." type="org.mockito.exceptions.misusing.UnfinishedMockingSessionException">org.mockito.exceptions.misusing.UnfinishedMockingSessionException: 

Unfinished mocking session detected.
Previous MockitoSession was not concluded with 'finishMocking()'.
For examples of correct usage see javadoc for MockitoSession class.
</error>
  </testcase>
  <testcase name="findAllTest" classname="com.nnk.springboot.service.RuleNameTest" time="0">
    <error message="&#10;Unfinished mocking session detected.&#10;Previous MockitoSession was not concluded with &apos;finishMocking()&apos;.&#10;For examples of correct usage see javadoc for MockitoSession class." type="org.mockito.exceptions.misusing.UnfinishedMockingSessionException">org.mockito.exceptions.misusing.UnfinishedMockingSessionException: 

Unfinished mocking session detected.
Previous MockitoSession was not concluded with 'finishMocking()'.
For examples of correct usage see javadoc for MockitoSession class.
</error>
  </testcase>
  <testcase name="insertTest" classname="com.nnk.springboot.service.RuleNameTest" time="0">
    <error message="&#10;Unfinished mocking session detected.&#10;Previous MockitoSession was not concluded with &apos;finishMocking()&apos;.&#10;For examples of correct usage see javadoc for MockitoSession class." type="org.mockito.exceptions.misusing.UnfinishedMockingSessionException">org.mockito.exceptions.misusing.UnfinishedMockingSessionException: 

Unfinished mocking session detected.
Previous MockitoSession was not concluded with 'finishMocking()'.
For examples of correct usage see javadoc for MockitoSession class.
</error>
  </testcase>
  <testcase name="getCurvePointByIdTest" classname="com.nnk.springboot.service.RuleNameTest" time="0.001">
    <error message="&#10;Unfinished mocking session detected.&#10;Previous MockitoSession was not concluded with &apos;finishMocking()&apos;.&#10;For examples of correct usage see javadoc for MockitoSession class." type="org.mockito.exceptions.misusing.UnfinishedMockingSessionException">org.mockito.exceptions.misusing.UnfinishedMockingSessionException: 

Unfinished mocking session detected.
Previous MockitoSession was not concluded with 'finishMocking()'.
For examples of correct usage see javadoc for MockitoSession class.
</error>
  </testcase>
  <testcase name="deleteTest" classname="com.nnk.springboot.service.RuleNameTest" time="0">
    <error message="&#10;Unfinished mocking session detected.&#10;Previous MockitoSession was not concluded with &apos;finishMocking()&apos;.&#10;For examples of correct usage see javadoc for MockitoSession class." type="org.mockito.exceptions.misusing.UnfinishedMockingSessionException">org.mockito.exceptions.misusing.UnfinishedMockingSessionException: 

Unfinished mocking session detected.
Previous MockitoSession was not concluded with 'finishMocking()'.
For examples of correct usage see javadoc for MockitoSession class.
</error>
  </testcase>
</testsuite>